#
# There is insufficient memory for the Java Runtime Environment to continue.
# Native memory allocation (malloc) failed to allocate 931056 bytes for Chunk::new
# Possible reasons:
#   The system is out of physical RAM or swap space
#   The process is running with CompressedOops enabled, and the Java Heap may be blocking the growth of the native heap
# Possible solutions:
#   Reduce memory load on the system
#   Increase physical memory or swap space
#   Check if swap backing store is full
#   Decrease Java heap size (-Xmx/-Xms)
#   Decrease number of Java threads
#   Decrease Java thread stack sizes (-Xss)
#   Set larger code cache with -XX:ReservedCodeCacheSize=
#   JVM is running with Unscaled Compressed Oops mode in which the Java heap is
#     placed in the first 4GB address space. The Java Heap base address is the
#     maximum limit for the native heap growth. Please use -XX:HeapBaseMinAddress
#     to set the Java Heap base and to place the Java Heap above 4GB virtual address.
# This output file may be truncated or incomplete.
#
#  Out of Memory Error (./src/hotspot/share/memory/arena.cpp:197), pid=9696, tid=4812
#
# JRE version: OpenJDK Runtime Environment AdoptOpenJDK (11.0.10+9) (build 11.0.10+9)
# Java VM: OpenJDK 64-Bit Server VM AdoptOpenJDK (11.0.10+9, mixed mode, tiered, compressed oops, g1 gc, windows-amd64)
# No core dump will be written. Minidumps are not enabled by default on client versions of Windows
#

---------------  S U M M A R Y ------------

Command Line: -Dfile.encoding=UTF-8 com.produtos.apirest.ApirestApplication

Host: Intel(R) Core(TM) i3 CPU       M 370  @ 2.40GHz, 4 cores, 2G,  Windows 10 , 64 bit Build 18362 (10.0.18362.1350)
Time: Fri Mar 19 16:42:15 2021 Hora oficial do Brasil elapsed time: 132.351548 seconds (0d 0h 2m 12s)

---------------  T H R E A D  ---------------

Current thread (0x00000209e24ba800):  JavaThread "C2 CompilerThread0" daemon [_thread_in_native, id=4812, stack(0x00000084b4800000,0x00000084b4900000)]


Current CompileTask:
C2: 132351 5901   !   4       java.net.URL::<init> (543 bytes)

Stack: [0x00000084b4800000,0x00000084b4900000]
Native frames: (J=compiled Java code, j=interpreted, Vv=VM code, C=native code)
V  [jvm.dll+0x5f35ea]
V  [jvm.dll+0x77c65e]
V  [jvm.dll+0x77dd2f]
V  [jvm.dll+0x77e3f3]
V  [jvm.dll+0x246c38]
V  [jvm.dll+0xbe6cc]
V  [jvm.dll+0xbedcc]
V  [jvm.dll+0x34bfd7]
V  [jvm.dll+0x319e33]
V  [jvm.dll+0x31916a]
V  [jvm.dll+0x200525]
V  [jvm.dll+0x1ff70f]
V  [jvm.dll+0x1846bc]
V  [jvm.dll+0x20ec37]
V  [jvm.dll+0x20ce1b]
V  [jvm.dll+0x740b39]
V  [jvm.dll+0x739ba4]
V  [jvm.dll+0x5f2466]
C  [ucrtbase.dll+0x210b2]
C  [KERNEL32.DLL+0x17c24]
C  [ntdll.dll+0x6d721]


---------------  P R O C E S S  ---------------

Threads class SMR info:
_java_thread_list=0x00000209e3d666b0, length=30, elements={
0x00000209e24a0000, 0x00000209e24a9800, 0x00000209e250a800, 0x00000209e250d800,
0x00000209e2513000, 0x00000209e24ba800, 0x00000209e24bb800, 0x00000209e253b000,
0x00000209e27b8000, 0x00000209e5c72800, 0x00000209e4029000, 0x00000209e402a000,
0x00000209e2ff0800, 0x00000209e40a1800, 0x00000209e40d8000, 0x00000209e40d9000,
0x00000209e40da800, 0x00000209e40d6000, 0x00000209e40da000, 0x00000209e40d5000,
0x00000209e40db800, 0x00000209e40d6800, 0x00000209e40d7800, 0x00000209e6343000,
0x00000209e633d000, 0x00000209e633e000, 0x00000209e6343800, 0x00000209e6341000,
0x00000209e6340800, 0x00000209e6342000
}

Java Threads: ( => current thread )
  0x00000209e24a0000 JavaThread "Reference Handler" daemon [_thread_blocked, id=8012, stack(0x00000084b4300000,0x00000084b4400000)]
  0x00000209e24a9800 JavaThread "Finalizer" daemon [_thread_blocked, id=9660, stack(0x00000084b4400000,0x00000084b4500000)]
  0x00000209e250a800 JavaThread "Signal Dispatcher" daemon [_thread_blocked, id=11092, stack(0x00000084b4500000,0x00000084b4600000)]
  0x00000209e250d800 JavaThread "Attach Listener" daemon [_thread_blocked, id=12892, stack(0x00000084b4600000,0x00000084b4700000)]
  0x00000209e2513000 JavaThread "Service Thread" daemon [_thread_blocked, id=7444, stack(0x00000084b4700000,0x00000084b4800000)]
=>0x00000209e24ba800 JavaThread "C2 CompilerThread0" daemon [_thread_in_native, id=4812, stack(0x00000084b4800000,0x00000084b4900000)]
  0x00000209e24bb800 JavaThread "C1 CompilerThread0" daemon [_thread_blocked, id=1468, stack(0x00000084b4900000,0x00000084b4a00000)]
  0x00000209e253b000 JavaThread "Sweeper thread" daemon [_thread_blocked, id=4384, stack(0x00000084b4a00000,0x00000084b4b00000)]
  0x00000209e27b8000 JavaThread "Common-Cleaner" daemon [_thread_blocked, id=10188, stack(0x00000084b4c00000,0x00000084b4d00000)]
  0x00000209e5c72800 JavaThread "Catalina-utility-1" [_thread_blocked, id=1260, stack(0x00000084b5200000,0x00000084b5300000)]
  0x00000209e4029000 JavaThread "Catalina-utility-2" [_thread_blocked, id=12572, stack(0x00000084b5300000,0x00000084b5400000)]
  0x00000209e402a000 JavaThread "container-0" [_thread_blocked, id=5204, stack(0x00000084b5400000,0x00000084b5500000)]
  0x00000209e2ff0800 JavaThread "PostgreSQL-JDBC-SharedTimer-1" daemon [_thread_blocked, id=11052, stack(0x00000084b5600000,0x00000084b5700000)]
  0x00000209e40a1800 JavaThread "HikariPool-1 housekeeper" daemon [_thread_blocked, id=8332, stack(0x00000084b5700000,0x00000084b5800000)]
  0x00000209e40d8000 JavaThread "Live Reload Server" daemon [_thread_in_native, id=6936, stack(0x00000084b5a00000,0x00000084b5b00000)]
  0x00000209e40d9000 JavaThread "File Watcher" daemon [_thread_blocked, id=7556, stack(0x00000084b5900000,0x00000084b5a00000)]
  0x00000209e40da800 JavaThread "http-nio-8080-BlockPoller" daemon [_thread_in_native, id=9272, stack(0x00000084b5b00000,0x00000084b5c00000)]
  0x00000209e40d6000 JavaThread "http-nio-8080-exec-1" daemon [_thread_blocked, id=5220, stack(0x00000084b5c00000,0x00000084b5d00000)]
  0x00000209e40da000 JavaThread "http-nio-8080-exec-2" daemon [_thread_blocked, id=840, stack(0x00000084b5d00000,0x00000084b5e00000)]
  0x00000209e40d5000 JavaThread "http-nio-8080-exec-3" daemon [_thread_blocked, id=12040, stack(0x00000084b5e00000,0x00000084b5f00000)]
  0x00000209e40db800 JavaThread "http-nio-8080-exec-4" daemon [_thread_blocked, id=13144, stack(0x00000084b5f00000,0x00000084b6000000)]
  0x00000209e40d6800 JavaThread "http-nio-8080-exec-5" daemon [_thread_blocked, id=3004, stack(0x00000084b6000000,0x00000084b6100000)]
  0x00000209e40d7800 JavaThread "http-nio-8080-exec-6" daemon [_thread_blocked, id=11468, stack(0x00000084b6100000,0x00000084b6200000)]
  0x00000209e6343000 JavaThread "http-nio-8080-exec-7" daemon [_thread_blocked, id=9480, stack(0x00000084b6200000,0x00000084b6300000)]
  0x00000209e633d000 JavaThread "http-nio-8080-exec-8" daemon [_thread_blocked, id=10056, stack(0x00000084b6300000,0x00000084b6400000)]
  0x00000209e633e000 JavaThread "http-nio-8080-exec-9" daemon [_thread_blocked, id=12328, stack(0x00000084b6400000,0x00000084b6500000)]
  0x00000209e6343800 JavaThread "http-nio-8080-exec-10" daemon [_thread_blocked, id=6272, stack(0x00000084b6500000,0x00000084b6600000)]
  0x00000209e6341000 JavaThread "http-nio-8080-ClientPoller" daemon [_thread_in_native, id=11912, stack(0x00000084b6600000,0x00000084b6700000)]
  0x00000209e6340800 JavaThread "http-nio-8080-Acceptor" daemon [_thread_in_native, id=7752, stack(0x00000084b6700000,0x00000084b6800000)]
  0x00000209e6342000 JavaThread "DestroyJavaVM" [_thread_blocked, id=12236, stack(0x00000084b3c00000,0x00000084b3d00000)]

Other Threads:
  0x00000209e2479000 VMThread "VM Thread" [stack: 0x00000084b4200000,0x00000084b4300000] [id=11760]
  0x00000209e27ab000 WatcherThread [stack: 0x00000084b4b00000,0x00000084b4c00000] [id=3808]
  0x00000209c6659000 GCTaskThread "GC Thread#0" [stack: 0x00000084b3d00000,0x00000084b3e00000] [id=11112]
  0x00000209e2d9d000 GCTaskThread "GC Thread#1" [stack: 0x00000084b4d00000,0x00000084b4e00000] [id=12428]
  0x00000209e35e1800 GCTaskThread "GC Thread#2" [stack: 0x00000084b5000000,0x00000084b5100000] [id=5592]
  0x00000209e35fd800 GCTaskThread "GC Thread#3" [stack: 0x00000084b5100000,0x00000084b5200000] [id=9784]
  0x00000209c666f800 ConcurrentGCThread "G1 Main Marker" [stack: 0x00000084b3e00000,0x00000084b3f00000] [id=4044]
  0x00000209c6670800 ConcurrentGCThread "G1 Conc#0" [stack: 0x00000084b3f00000,0x00000084b4000000] [id=1608]
  0x00000209c66a7800 ConcurrentGCThread "G1 Refine#0" [stack: 0x00000084b4000000,0x00000084b4100000] [id=11192]
  0x00000209c66a8800 ConcurrentGCThread "G1 Young RemSet Sampling" [stack: 0x00000084b4100000,0x00000084b4200000] [id=8468]

Threads with active compile tasks:
C2 CompilerThread0 132427 5901   !   4       java.net.URL::<init> (543 bytes)

VM state:not at safepoint (normal execution)

VM Mutex/Monitor currently owned by a thread: None

Heap address: 0x00000000d2200000, size: 734 MB, Compressed Oops mode: 32-bit
Narrow klass base: 0x0000000000000000, Narrow klass shift: 3
Compressed class space size: 1073741824 Address: 0x0000000100000000

Heap:
 garbage-first heap   total 59392K, used 37186K [0x00000000d2200000, 0x0000000100000000)
  region size 1024K, 15 young (15360K), 3 survivors (3072K)
 Metaspace       used 68394K, capacity 70027K, committed 70272K, reserved 1110016K
  class space    used 8662K, capacity 9340K, committed 9344K, reserved 1048576K
Heap Regions: E=young(eden), S=young(survivor), O=old, HS=humongous(starts), HC=humongous(continues), CS=collection set, F=free, A=archive, TAMS=top-at-mark-start (previous, next)
|   0|0x00000000d2200000, 0x00000000d2300000, 0x00000000d2300000|100%|HS|  |TAMS 0x00000000d2300000, 0x00000000d2200000| Complete 
|   1|0x00000000d2300000, 0x00000000d2400000, 0x00000000d2400000|100%| O|  |TAMS 0x00000000d2400000, 0x00000000d2300000| Untracked 
|   2|0x00000000d2400000, 0x00000000d2500000, 0x00000000d2500000|100%| O|  |TAMS 0x00000000d2500000, 0x00000000d2400000| Untracked 
|   3|0x00000000d2500000, 0x00000000d2600000, 0x00000000d2600000|100%| O|  |TAMS 0x00000000d2600000, 0x00000000d2500000| Untracked 
|   4|0x00000000d2600000, 0x00000000d2700000, 0x00000000d2700000|100%| O|  |TAMS 0x00000000d2700000, 0x00000000d2600000| Untracked 
|   5|0x00000000d2700000, 0x00000000d2800000, 0x00000000d2800000|100%| O|  |TAMS 0x00000000d2800000, 0x00000000d2700000| Untracked 
|   6|0x00000000d2800000, 0x00000000d2900000, 0x00000000d2900000|100%| O|  |TAMS 0x00000000d2900000, 0x00000000d2800000| Untracked 
|   7|0x00000000d2900000, 0x00000000d2a00000, 0x00000000d2a00000|100%| O|  |TAMS 0x00000000d2a00000, 0x00000000d2900000| Untracked 
|   8|0x00000000d2a00000, 0x00000000d2b00000, 0x00000000d2b00000|100%| O|  |TAMS 0x00000000d2b00000, 0x00000000d2a00000| Untracked 
|   9|0x00000000d2b00000, 0x00000000d2c00000, 0x00000000d2c00000|100%| O|  |TAMS 0x00000000d2c00000, 0x00000000d2b00000| Untracked 
|  10|0x00000000d2c00000, 0x00000000d2d00000, 0x00000000d2d00000|100%| O|  |TAMS 0x00000000d2d00000, 0x00000000d2c00000| Untracked 
|  11|0x00000000d2d00000, 0x00000000d2e00000, 0x00000000d2e00000|100%| O|  |TAMS 0x00000000d2e00000, 0x00000000d2d00000| Untracked 
|  12|0x00000000d2e00000, 0x00000000d2f00000, 0x00000000d2f00000|100%| O|  |TAMS 0x00000000d2f00000, 0x00000000d2e00000| Untracked 
|  13|0x00000000d2f00000, 0x00000000d3000000, 0x00000000d3000000|100%| O|  |TAMS 0x00000000d3000000, 0x00000000d2f00000| Untracked 
|  14|0x00000000d3000000, 0x00000000d3100000, 0x00000000d3100000|100%| O|  |TAMS 0x00000000d3100000, 0x00000000d3000000| Untracked 
|  15|0x00000000d3100000, 0x00000000d3200000, 0x00000000d3200000|100%| O|  |TAMS 0x00000000d3200000, 0x00000000d3100000| Untracked 
|  16|0x00000000d3200000, 0x00000000d3300000, 0x00000000d3300000|100%| O|  |TAMS 0x00000000d3300000, 0x00000000d3200000| Untracked 
|  17|0x00000000d3300000, 0x00000000d3400000, 0x00000000d3400000|100%| O|  |TAMS 0x00000000d3400000, 0x00000000d3300000| Untracked 
|  18|0x00000000d3400000, 0x00000000d3500000, 0x00000000d3500000|100%| O|  |TAMS 0x00000000d3500000, 0x00000000d3400000| Untracked 
|  19|0x00000000d3500000, 0x00000000d3600000, 0x00000000d3600000|100%| O|  |TAMS 0x00000000d3600000, 0x00000000d3500000| Untracked 
|  20|0x00000000d3600000, 0x00000000d3700000, 0x00000000d3700000|100%| O|  |TAMS 0x00000000d3621e00, 0x00000000d3600000| Untracked 
|  21|0x00000000d3700000, 0x00000000d3800000, 0x00000000d3800000|100%| O|  |TAMS 0x00000000d3700000, 0x00000000d3700000| Untracked 
|  22|0x00000000d3800000, 0x00000000d3900000, 0x00000000d3900000|100%| O|  |TAMS 0x00000000d3800000, 0x00000000d3800000| Untracked 
|  23|0x00000000d3900000, 0x00000000d39c6200, 0x00000000d3a00000| 77%| O|  |TAMS 0x00000000d3900000, 0x00000000d3900000| Untracked 
|  24|0x00000000d3a00000, 0x00000000d3a00000, 0x00000000d3b00000|  0%| F|  |TAMS 0x00000000d3a00000, 0x00000000d3a00000| Untracked 
|  25|0x00000000d3b00000, 0x00000000d3b00000, 0x00000000d3c00000|  0%| F|  |TAMS 0x00000000d3b00000, 0x00000000d3b00000| Untracked 
|  26|0x00000000d3c00000, 0x00000000d3c00000, 0x00000000d3d00000|  0%| F|  |TAMS 0x00000000d3c00000, 0x00000000d3c00000| Untracked 
|  27|0x00000000d3d00000, 0x00000000d3d00000, 0x00000000d3e00000|  0%| F|  |TAMS 0x00000000d3d00000, 0x00000000d3d00000| Untracked 
|  28|0x00000000d3e00000, 0x00000000d3e00000, 0x00000000d3f00000|  0%| F|  |TAMS 0x00000000d3e00000, 0x00000000d3e00000| Untracked 
|  29|0x00000000d3f00000, 0x00000000d3f00000, 0x00000000d4000000|  0%| F|  |TAMS 0x00000000d3f00000, 0x00000000d3f00000| Untracked 
|  30|0x00000000d4000000, 0x00000000d4000000, 0x00000000d4100000|  0%| F|  |TAMS 0x00000000d4000000, 0x00000000d4000000| Untracked 
|  31|0x00000000d4100000, 0x00000000d4100000, 0x00000000d4200000|  0%| F|  |TAMS 0x00000000d4100000, 0x00000000d4100000| Untracked 
|  32|0x00000000d4200000, 0x00000000d4200000, 0x00000000d4300000|  0%| F|  |TAMS 0x00000000d4200000, 0x00000000d4200000| Untracked 
|  33|0x00000000d4300000, 0x00000000d4300000, 0x00000000d4400000|  0%| F|  |TAMS 0x00000000d4300000, 0x00000000d4300000| Untracked 
|  34|0x00000000d4400000, 0x00000000d448a860, 0x00000000d4500000| 54%| S|CS|TAMS 0x00000000d4400000, 0x00000000d4400000| Complete 
|  35|0x00000000d4500000, 0x00000000d4600000, 0x00000000d4600000|100%| S|CS|TAMS 0x00000000d4500000, 0x00000000d4500000| Complete 
|  36|0x00000000d4600000, 0x00000000d4700000, 0x00000000d4700000|100%| S|CS|TAMS 0x00000000d4600000, 0x00000000d4600000| Complete 
|  37|0x00000000d4700000, 0x00000000d4700000, 0x00000000d4800000|  0%| F|  |TAMS 0x00000000d4700000, 0x00000000d4700000| Untracked 
|  38|0x00000000d4800000, 0x00000000d4800000, 0x00000000d4900000|  0%| F|  |TAMS 0x00000000d4800000, 0x00000000d4800000| Untracked 
|  39|0x00000000d4900000, 0x00000000d4900000, 0x00000000d4a00000|  0%| F|  |TAMS 0x00000000d4900000, 0x00000000d4900000| Untracked 
|  40|0x00000000d4a00000, 0x00000000d4a00000, 0x00000000d4b00000|  0%| F|  |TAMS 0x00000000d4a00000, 0x00000000d4a00000| Untracked 
|  41|0x00000000d4b00000, 0x00000000d4b00000, 0x00000000d4c00000|  0%| F|  |TAMS 0x00000000d4b00000, 0x00000000d4b00000| Untracked 
|  42|0x00000000d4c00000, 0x00000000d4c00000, 0x00000000d4d00000|  0%| F|  |TAMS 0x00000000d4c00000, 0x00000000d4c00000| Untracked 
|  43|0x00000000d4d00000, 0x00000000d4d00000, 0x00000000d4e00000|  0%| F|  |TAMS 0x00000000d4d00000, 0x00000000d4d00000| Untracked 
|  44|0x00000000d4e00000, 0x00000000d4e00000, 0x00000000d4f00000|  0%| F|  |TAMS 0x00000000d4e00000, 0x00000000d4e00000| Untracked 
|  45|0x00000000d4f00000, 0x00000000d4f00000, 0x00000000d5000000|  0%| F|  |TAMS 0x00000000d4f00000, 0x00000000d4f00000| Untracked 
|  46|0x00000000d5000000, 0x00000000d508d908, 0x00000000d5100000| 55%| E|  |TAMS 0x00000000d5000000, 0x00000000d5000000| Complete 
|  47|0x00000000d5100000, 0x00000000d5200000, 0x00000000d5200000|100%| E|CS|TAMS 0x00000000d5100000, 0x00000000d5100000| Complete 
|  48|0x00000000d5200000, 0x00000000d5300000, 0x00000000d5300000|100%| E|CS|TAMS 0x00000000d5200000, 0x00000000d5200000| Complete 
|  49|0x00000000d5300000, 0x00000000d5400000, 0x00000000d5400000|100%| E|CS|TAMS 0x00000000d5300000, 0x00000000d5300000| Complete 
|  50|0x00000000d5400000, 0x00000000d5500000, 0x00000000d5500000|100%| E|CS|TAMS 0x00000000d5400000, 0x00000000d5400000| Complete 
|  51|0x00000000d5500000, 0x00000000d5600000, 0x00000000d5600000|100%| E|  |TAMS 0x00000000d5500000, 0x00000000d5500000| Complete 
|  52|0x00000000d5600000, 0x00000000d5700000, 0x00000000d5700000|100%| E|CS|TAMS 0x00000000d5600000, 0x00000000d5600000| Complete 
|  53|0x00000000d5700000, 0x00000000d5800000, 0x00000000d5800000|100%| E|CS|TAMS 0x00000000d5700000, 0x00000000d5700000| Complete 
|  54|0x00000000d5800000, 0x00000000d5900000, 0x00000000d5900000|100%| E|CS|TAMS 0x00000000d5800000, 0x00000000d5800000| Complete 
|  55|0x00000000d5900000, 0x00000000d5a00000, 0x00000000d5a00000|100%| E|CS|TAMS 0x00000000d5900000, 0x00000000d5900000| Complete 
|  56|0x00000000d5a00000, 0x00000000d5b00000, 0x00000000d5b00000|100%| E|CS|TAMS 0x00000000d5a00000, 0x00000000d5a00000| Complete 
|  57|0x00000000d5b00000, 0x00000000d5c00000, 0x00000000d5c00000|100%| E|CS|TAMS 0x00000000d5b00000, 0x00000000d5b00000| Complete 

Card table byte_map: [0x00000209ddd20000,0x00000209dde90000] _byte_map_base: 0x00000209dd68f000

Marking Bits (Prev, Next): (CMBitMap*) 0x00000209c666ba60, (CMBitMap*) 0x00000209c666ba28
 Prev Bits: [0x00000209deb80000, 0x00000209df6f8000)
 Next Bits: [0x00000209de000000, 0x00000209deb78000)

Polling page: 0x00000209c44d0000

Metaspace:

Usage:
  Non-class:     59.26 MB capacity,    58.33 MB ( 98%) used,   748.95 KB (  1%) free+waste,   206.63 KB ( <1%) overhead. 
      Class:      9.12 MB capacity,     8.46 MB ( 93%) used,   581.29 KB (  6%) free+waste,    95.75 KB (  1%) overhead. 
       Both:     68.39 MB capacity,    66.79 MB ( 98%) used,     1.30 MB (  2%) free+waste,   302.38 KB ( <1%) overhead. 

Virtual space:
  Non-class space:       60.00 MB reserved,      59.50 MB (>99%) committed 
      Class space:        1.00 GB reserved,       9.13 MB ( <1%) committed 
             Both:        1.06 GB reserved,      68.63 MB (  6%) committed 

Chunk freelists:
   Non-Class:  49.00 KB
       Class:  4.00 KB
        Both:  53.00 KB

MaxMetaspaceSize: 17179869184.00 GB
CompressedClassSpaceSize: 1.00 GB

CodeHeap 'non-profiled nmethods': size=120064Kb used=2888Kb max_used=2888Kb free=117175Kb
 bounds [0x00000209d67e0000, 0x00000209d6ac0000, 0x00000209ddd20000]
CodeHeap 'profiled nmethods': size=120000Kb used=12801Kb max_used=12801Kb free=107199Kb
 bounds [0x00000209cf2b0000, 0x00000209cff40000, 0x00000209d67e0000]
CodeHeap 'non-nmethods': size=5696Kb used=1211Kb max_used=1242Kb free=4484Kb
 bounds [0x00000209ced20000, 0x00000209cef90000, 0x00000209cf2b0000]
 total_blobs=6412 nmethods=5819 adapters=505
 compilation: enabled
              stopped_count=0, restarted_count=0
 full_count=0

Compilation events (20 events):
Event: 132.149 Thread 0x00000209e24bb800 5942       1       com.fasterxml.jackson.databind.introspect.AnnotatedParameter::getIndex (5 bytes)
Event: 132.150 Thread 0x00000209e24bb800 nmethod 5942 0x00000209d6aabe90 code [0x00000209d6aac040, 0x00000209d6aac0f8]
Event: 132.150 Thread 0x00000209e24bb800 5945       3       com.fasterxml.jackson.databind.type.TypeBase::<init> (40 bytes)
Event: 132.150 Thread 0x00000209e24bb800 nmethod 5945 0x00000209cff2be10 code [0x00000209cff2bfe0, 0x00000209cff2c2c8]
Event: 132.151 Thread 0x00000209e24bb800 5946       3       com.fasterxml.jackson.module.paramnames.ParameterNamesAnnotationIntrospector::getParameters (46 bytes)
Event: 132.152 Thread 0x00000209e24bb800 nmethod 5946 0x00000209cff2c390 code [0x00000209cff2c600, 0x00000209cff2d1d8]
Event: 132.152 Thread 0x00000209e24bb800 5948       3       com.fasterxml.jackson.databind.ext.Java7SupportImpl::findConstructorName (56 bytes)
Event: 132.154 Thread 0x00000209e24bb800 nmethod 5948 0x00000209cff2d490 code [0x00000209cff2d700, 0x00000209cff2e2a8]
Event: 132.154 Thread 0x00000209e24bb800 5947       3       com.fasterxml.jackson.module.paramnames.ParameterExtractor::getParameters (5 bytes)
Event: 132.155 Thread 0x00000209e24bb800 nmethod 5947 0x00000209cff2e690 code [0x00000209cff2e860, 0x00000209cff2ec18]
Event: 132.155 Thread 0x00000209e24bb800 5949       3       com.fasterxml.jackson.databind.introspect.AnnotationIntrospectorPair::findNameForDeserialization (49 bytes)
Event: 132.155 Thread 0x00000209e24bb800 nmethod 5949 0x00000209cff2ed90 code [0x00000209cff2ef80, 0x00000209cff2f3c8]
Event: 132.156 Thread 0x00000209e24bb800 5950       3       com.fasterxml.jackson.databind.introspect.AnnotatedWithParams::getParameter (24 bytes)
Event: 132.156 Thread 0x00000209e24bb800 nmethod 5950 0x00000209cff2f510 code [0x00000209cff2f720, 0x00000209cff2fda8]
Event: 132.156 Thread 0x00000209e24bb800 5951       3       com.fasterxml.jackson.databind.introspect.AnnotatedWithParams::getParameterAnnotations (29 bytes)
Event: 132.157 Thread 0x00000209e24bb800 nmethod 5951 0x00000209cff2ff90 code [0x00000209cff30140, 0x00000209cff30318]
Event: 132.158 Thread 0x00000209e24bb800 5952       1       java.util.concurrent.atomic.AtomicLong::get (5 bytes)
Event: 132.159 Thread 0x00000209e24bb800 nmethod 5952 0x00000209d6aac190 code [0x00000209d6aac340, 0x00000209d6aac3f8]
Event: 132.176 Thread 0x00000209e24ba800 nmethod 5896 0x00000209d6aac490 code [0x00000209d6aac7a0, 0x00000209d6aaff28]
Event: 132.176 Thread 0x00000209e24ba800 5901   !   4       java.net.URL::<init> (543 bytes)

GC Heap History (20 events):
Event: 19.123 GC heap before
{Heap before GC invocations=17 (full 0):
 garbage-first heap   total 59392K, used 40377K [0x00000000d2200000, 0x0000000100000000)
  region size 1024K, 28 young (28672K), 3 survivors (3072K)
 Metaspace       used 35673K, capacity 36840K, committed 36992K, reserved 1081344K
  class space    used 4165K, capacity 4615K, committed 4736K, reserved 1048576K
}
Event: 19.129 GC heap after
{Heap after GC invocations=18 (full 0):
 garbage-first heap   total 59392K, used 15888K [0x00000000d2200000, 0x0000000100000000)
  region size 1024K, 3 young (3072K), 3 survivors (3072K)
 Metaspace       used 35673K, capacity 36840K, committed 36992K, reserved 1081344K
  class space    used 4165K, capacity 4615K, committed 4736K, reserved 1048576K
}
Event: 19.828 GC heap before
{Heap before GC invocations=18 (full 0):
 garbage-first heap   total 59392K, used 42512K [0x00000000d2200000, 0x0000000100000000)
  region size 1024K, 30 young (30720K), 3 survivors (3072K)
 Metaspace       used 37254K, capacity 38331K, committed 38400K, reserved 1083392K
  class space    used 4378K, capacity 4815K, committed 4864K, reserved 1048576K
}
Event: 19.836 GC heap after
{Heap after GC invocations=19 (full 0):
 garbage-first heap   total 59392K, used 16182K [0x00000000d2200000, 0x0000000100000000)
  region size 1024K, 3 young (3072K), 3 survivors (3072K)
 Metaspace       used 37254K, capacity 38331K, committed 38400K, reserved 1083392K
  class space    used 4378K, capacity 4815K, committed 4864K, reserved 1048576K
}
Event: 21.567 GC heap before
{Heap before GC invocations=19 (full 0):
 garbage-first heap   total 59392K, used 43830K [0x00000000d2200000, 0x0000000100000000)
  region size 1024K, 30 young (30720K), 3 survivors (3072K)
 Metaspace       used 43401K, capacity 44586K, committed 44800K, reserved 1087488K
  class space    used 5354K, capacity 5808K, committed 5888K, reserved 1048576K
}
Event: 21.584 GC heap after
{Heap after GC invocations=20 (full 0):
 garbage-first heap   total 59392K, used 17207K [0x00000000d2200000, 0x0000000100000000)
  region size 1024K, 3 young (3072K), 3 survivors (3072K)
 Metaspace       used 43401K, capacity 44586K, committed 44800K, reserved 1087488K
  class space    used 5354K, capacity 5808K, committed 5888K, reserved 1048576K
}
Event: 23.978 GC heap before
{Heap before GC invocations=20 (full 0):
 garbage-first heap   total 59392K, used 44855K [0x00000000d2200000, 0x0000000100000000)
  region size 1024K, 30 young (30720K), 3 survivors (3072K)
 Metaspace       used 49502K, capacity 50688K, committed 50944K, reserved 1093632K
  class space    used 6143K, capacity 6625K, committed 6656K, reserved 1048576K
}
Event: 23.989 GC heap after
{Heap after GC invocations=21 (full 0):
 garbage-first heap   total 59392K, used 19419K [0x00000000d2200000, 0x0000000100000000)
  region size 1024K, 4 young (4096K), 4 survivors (4096K)
 Metaspace       used 49502K, capacity 50688K, committed 50944K, reserved 1093632K
  class space    used 6143K, capacity 6625K, committed 6656K, reserved 1048576K
}
Event: 25.550 GC heap before
{Heap before GC invocations=21 (full 0):
 garbage-first heap   total 59392K, used 46043K [0x00000000d2200000, 0x0000000100000000)
  region size 1024K, 30 young (30720K), 4 survivors (4096K)
 Metaspace       used 54347K, capacity 55638K, committed 55808K, reserved 1097728K
  class space    used 6893K, capacity 7423K, committed 7424K, reserved 1048576K
}
Event: 25.565 GC heap after
{Heap after GC invocations=22 (full 0):
 garbage-first heap   total 59392K, used 20912K [0x00000000d2200000, 0x0000000100000000)
  region size 1024K, 2 young (2048K), 2 survivors (2048K)
 Metaspace       used 54347K, capacity 55638K, committed 55808K, reserved 1097728K
  class space    used 6893K, capacity 7423K, committed 7424K, reserved 1048576K
}
Event: 26.685 GC heap before
{Heap before GC invocations=22 (full 0):
 garbage-first heap   total 59392K, used 46512K [0x00000000d2200000, 0x0000000100000000)
  region size 1024K, 27 young (27648K), 2 survivors (2048K)
 Metaspace       used 57658K, capacity 59013K, committed 59136K, reserved 1099776K
  class space    used 7322K, capacity 7884K, committed 7936K, reserved 1048576K
}
Event: 26.695 GC heap after
{Heap after GC invocations=23 (full 0):
 garbage-first heap   total 59392K, used 21919K [0x00000000d2200000, 0x0000000100000000)
  region size 1024K, 3 young (3072K), 3 survivors (3072K)
 Metaspace       used 57658K, capacity 59013K, committed 59136K, reserved 1099776K
  class space    used 7322K, capacity 7884K, committed 7936K, reserved 1048576K
}
Event: 27.186 GC heap before
{Heap before GC invocations=23 (full 0):
 garbage-first heap   total 59392K, used 31135K [0x00000000d2200000, 0x0000000100000000)
  region size 1024K, 13 young (13312K), 3 survivors (3072K)
 Metaspace       used 58646K, capacity 60055K, committed 60160K, reserved 1101824K
  class space    used 7441K, capacity 8016K, committed 8064K, reserved 1048576K
}
Event: 27.198 GC heap after
{Heap after GC invocations=24 (full 0):
 garbage-first heap   total 59392K, used 22903K [0x00000000d2200000, 0x0000000100000000)
  region size 1024K, 3 young (3072K), 3 survivors (3072K)
 Metaspace       used 58646K, capacity 60055K, committed 60160K, reserved 1101824K
  class space    used 7441K, capacity 8016K, committed 8064K, reserved 1048576K
}
Event: 28.174 GC heap before
{Heap before GC invocations=25 (full 0):
 garbage-first heap   total 59392K, used 42359K [0x00000000d2200000, 0x0000000100000000)
  region size 1024K, 22 young (22528K), 3 survivors (3072K)
 Metaspace       used 60306K, capacity 61831K, committed 62080K, reserved 1103872K
  class space    used 7698K, capacity 8305K, committed 8320K, reserved 1048576K
}
Event: 28.190 GC heap after
{Heap after GC invocations=26 (full 0):
 garbage-first heap   total 59392K, used 24585K [0x00000000d2200000, 0x0000000100000000)
  region size 1024K, 3 young (3072K), 3 survivors (3072K)
 Metaspace       used 60306K, capacity 61831K, committed 62080K, reserved 1103872K
  class space    used 7698K, capacity 8305K, committed 8320K, reserved 1048576K
}
Event: 29.117 GC heap before
{Heap before GC invocations=26 (full 0):
 garbage-first heap   total 59392K, used 44041K [0x00000000d2200000, 0x0000000100000000)
  region size 1024K, 22 young (22528K), 3 survivors (3072K)
 Metaspace       used 62842K, capacity 64446K, committed 64512K, reserved 1105920K
  class space    used 8043K, capacity 8701K, committed 8704K, reserved 1048576K
}
Event: 29.129 GC heap after
{Heap after GC invocations=27 (full 0):
 garbage-first heap   total 59392K, used 25325K [0x00000000d2200000, 0x0000000100000000)
  region size 1024K, 1 young (1024K), 1 survivors (1024K)
 Metaspace       used 62842K, capacity 64446K, committed 64512K, reserved 1105920K
  class space    used 8043K, capacity 8701K, committed 8704K, reserved 1048576K
}
Event: 49.656 GC heap before
{Heap before GC invocations=27 (full 0):
 garbage-first heap   total 59392K, used 44781K [0x00000000d2200000, 0x0000000100000000)
  region size 1024K, 21 young (21504K), 1 survivors (1024K)
 Metaspace       used 65794K, capacity 67402K, committed 67712K, reserved 1107968K
  class space    used 8384K, capacity 9020K, committed 9088K, reserved 1048576K
}
Event: 49.666 GC heap after
{Heap after GC invocations=28 (full 0):
 garbage-first heap   total 59392K, used 26946K [0x00000000d2200000, 0x0000000100000000)
  region size 1024K, 3 young (3072K), 3 survivors (3072K)
 Metaspace       used 65794K, capacity 67402K, committed 67712K, reserved 1107968K
  class space    used 8384K, capacity 9020K, committed 9088K, reserved 1048576K
}

Deoptimization events (20 events):
Event: 131.703 Thread 0x00000209e633e000 Uncommon trap: trap_request=0xffffff4d fr.pc=0x00000209d6aa201c relative=0x000000000000023c
Event: 131.703 Thread 0x00000209e633e000 Uncommon trap: reason=unstable_if action=reinterpret pc=0x00000209d6aa201c method=java.util.StringTokenizer.skipDelimiters(I)I @ 21 c2
Event: 131.703 Thread 0x00000209e633e000 DEOPT PACKING pc=0x00000209d6aa201c sp=0x00000084b64f9a30
Event: 131.703 Thread 0x00000209e633e000 DEOPT UNPACKING pc=0x00000209ced46a29 sp=0x00000084b64f99d0 mode 2
Event: 131.703 Thread 0x00000209e633e000 Uncommon trap: trap_request=0xffffff4d fr.pc=0x00000209d6a7143c relative=0x00000000000002dc
Event: 131.703 Thread 0x00000209e633e000 Uncommon trap: reason=unstable_if action=reinterpret pc=0x00000209d6a7143c method=java.util.StringTokenizer.scanToken(I)I @ 96 c2
Event: 131.703 Thread 0x00000209e633e000 DEOPT PACKING pc=0x00000209d6a7143c sp=0x00000084b64f9a30
Event: 131.703 Thread 0x00000209e633e000 DEOPT UNPACKING pc=0x00000209ced46a29 sp=0x00000084b64f99d0 mode 2
Event: 131.820 Thread 0x00000209e633e000 Uncommon trap: trap_request=0xffffff4d fr.pc=0x00000209d67ea9e4 relative=0x0000000000000044
Event: 131.820 Thread 0x00000209e633e000 Uncommon trap: reason=unstable_if action=reinterpret pc=0x00000209d67ea9e4 method=java.lang.CharacterData.of(I)Ljava/lang/CharacterData; @ 4 c2
Event: 131.820 Thread 0x00000209e633e000 DEOPT PACKING pc=0x00000209d67ea9e4 sp=0x00000084b64f9240
Event: 131.820 Thread 0x00000209e633e000 DEOPT UNPACKING pc=0x00000209ced46a29 sp=0x00000084b64f91d8 mode 2
Event: 131.836 Thread 0x00000209e633e000 Uncommon trap: trap_request=0xffffff4d fr.pc=0x00000209d6a5b5a4 relative=0x0000000000000244
Event: 131.836 Thread 0x00000209e633e000 Uncommon trap: reason=unstable_if action=reinterpret pc=0x00000209d6a5b5a4 method=java.util.regex.Matcher.reset()Ljava/util/regex/Matcher; @ 71 c2
Event: 131.836 Thread 0x00000209e633e000 DEOPT PACKING pc=0x00000209d6a5b5a4 sp=0x00000084b64f9790
Event: 131.836 Thread 0x00000209e633e000 DEOPT UNPACKING pc=0x00000209ced46a29 sp=0x00000084b64f9718 mode 2
Event: 131.836 Thread 0x00000209e633e000 Uncommon trap: trap_request=0xffffff4d fr.pc=0x00000209d69bf180 relative=0x00000000000001a0
Event: 131.836 Thread 0x00000209e633e000 Uncommon trap: reason=unstable_if action=reinterpret pc=0x00000209d69bf180 method=java.util.regex.Pattern$BmpCharProperty.match(Ljava/util/regex/Matcher;ILjava/lang/CharSequence;)Z @ 39 c2
Event: 131.836 Thread 0x00000209e633e000 DEOPT PACKING pc=0x00000209d69bf180 sp=0x00000084b64f96b0
Event: 131.836 Thread 0x00000209e633e000 DEOPT UNPACKING pc=0x00000209ced46a29 sp=0x00000084b64f9660 mode 2

Classes redefined (0 events):
No events

Internal exceptions (20 events):
Event: 26.807 Thread 0x00000209e354e000 Exception <a 'java/lang/ClassNotFoundException'{0x00000000d59aabf8}: java/lang/ObjectCustomizer> (0x00000000d59aabf8) thrown at [./src/hotspot/share/classfile/systemDictionary.cpp, line 231]
Event: 26.808 Thread 0x00000209e354e000 Exception <a 'java/lang/ClassNotFoundException'{0x00000000d59be918}: org/springframework/web/servlet/config/annotation/WebMvcConfigurationSupportCustomizer> (0x00000000d59be918) thrown at [./src/hotspot/share/classfile/systemDictionary.cpp, line 231]
Event: 26.811 Thread 0x00000209e354e000 Exception <a 'java/lang/ClassNotFoundException'{0x00000000d59deb78}: org/springframework/web/servlet/config/annotation/DelegatingWebMvcConfigurationCustomizer> (0x00000000d59deb78) thrown at [./src/hotspot/share/classfile/systemDictionary.cpp, line 231]
Event: 26.813 Thread 0x00000209e354e000 Exception <a 'java/lang/ClassNotFoundException'{0x00000000d59f6670}: org/springframework/boot/autoconfigure/web/servlet/WebMvcAutoConfiguration$EnableWebMvcConfigurationCustomizer> (0x00000000d59f6670) thrown at [./src/hotspot/share/classfile/systemDictionary.cpp, line 231]
Event: 26.816 Thread 0x00000209e354e000 Exception <a 'java/lang/ClassNotFoundException'{0x00000000d5813650}: org/springframework/context/ResourceLoaderAwareCustomizer> (0x00000000d5813650) thrown at [./src/hotspot/share/classfile/systemDictionary.cpp, line 231]
Event: 26.817 Thread 0x00000209e354e000 Exception <a 'java/lang/ClassNotFoundException'{0x00000000d5820958}: org/springframework/beans/factory/AwareCustomizer> (0x00000000d5820958) thrown at [./src/hotspot/share/classfile/systemDictionary.cpp, line 231]
Event: 26.818 Thread 0x00000209e354e000 Exception <a 'java/lang/ClassNotFoundException'{0x00000000d582e740}: org/springframework/context/ApplicationContextAwareCustomizer> (0x00000000d582e740) thrown at [./src/hotspot/share/classfile/systemDictionary.cpp, line 231]
Event: 26.819 Thread 0x00000209e354e000 Exception <a 'java/lang/ClassNotFoundException'{0x00000000d583bfa0}: org/springframework/beans/factory/AwareCustomizer> (0x00000000d583bfa0) thrown at [./src/hotspot/share/classfile/systemDictionary.cpp, line 231]
Event: 26.819 Thread 0x00000209e354e000 Exception <a 'java/lang/ClassNotFoundException'{0x00000000d5849da0}: org/springframework/web/context/ServletContextAwareCustomizer> (0x00000000d5849da0) thrown at [./src/hotspot/share/classfile/systemDictionary.cpp, line 231]
Event: 26.820 Thread 0x00000209e354e000 Exception <a 'java/lang/ClassNotFoundException'{0x00000000d5857510}: org/springframework/beans/factory/AwareCustomizer> (0x00000000d5857510) thrown at [./src/hotspot/share/classfile/systemDictionary.cpp, line 231]
Event: 27.770 Thread 0x00000209e354e000 Exception <a 'java/lang/NoSuchMethodError'{0x00000000d4ef5eb0}: 'void java.lang.invoke.DirectMethodHandle$Holder.invokeVirtual(java.lang.Object, java.lang.Object, int)'> (0x00000000d4ef5eb0) thrown at [./src/hotspot/share/interpreter/linkResolver.cpp, line 773]
Event: 27.776 Thread 0x00000209e354e000 Exception <a 'java/lang/NoSuchMethodError'{0x00000000d4d10018}: 'void java.lang.invoke.DirectMethodHandle$Holder.invokeVirtual(java.lang.Object, java.lang.Object, long)'> (0x00000000d4d10018) thrown at [./src/hotspot/share/interpreter/linkResolver.cpp, line 773]
Event: 28.003 Thread 0x00000209e354e000 Exception <a 'java/lang/IncompatibleClassChangeError'{0x00000000d48081c8}: Found class java.lang.Object, but interface was expected> (0x00000000d48081c8) thrown at [./src/hotspot/share/interpreter/linkResolver.cpp, line 839]
Event: 28.105 Thread 0x00000209e354e000 Exception <a 'java/lang/NoSuchMethodError'{0x00000000d47c9ad8}: 'int java.lang.invoke.DirectMethodHandle$Holder.invokeStaticInit(java.lang.Object, java.lang.Object, java.lang.Object, java.lang.Object)'> (0x00000000d47c9ad8) thrown at [./src/hotspot/share/interpreter/linkResolver.cpp, line 773]
Event: 28.366 Thread 0x00000209e354e000 Exception <a 'java/lang/NoSuchMethodError'{0x00000000d58e9f70}: 'java.lang.Object java.lang.invoke.DirectMethodHandle$Holder.invokeSpecial(java.lang.Object, java.lang.Object, int, java.lang.Object, int, java.lang.Object)'> (0x00000000d58e9f70) thrown at [./src/hotspot/share/interpreter/linkResolver.cpp, line 773]
Event: 28.368 Thread 0x00000209e354e000 Exception <a 'java/lang/NoSuchMethodError'{0x00000000d58f1700}: 'java.lang.Object java.lang.invoke.DirectMethodHandle$Holder.invokeStatic(java.lang.Object, java.lang.Object, int, java.lang.Object, int)'> (0x00000000d58f1700) thrown at [./src/hotspot/share/interpreter/linkResolver.cpp, line 773]
Event: 28.368 Thread 0x00000209e354e000 Exception <a 'java/lang/NoSuchMethodError'{0x00000000d58f4ee0}: 'java.lang.Object java.lang.invoke.DirectMethodHandle$Holder.invokeSpecial(java.lang.Object, java.lang.Object, java.lang.Object, int, java.lang.Object, int)'> (0x00000000d58f4ee0) thrown at [./src/hotspot/share/interpreter/linkResolver.cpp, line 773]
Event: 28.371 Thread 0x00000209e354e000 Exception <a 'java/lang/NoSuchMethodError'{0x00000000d57001b8}: 'void java.lang.invoke.DirectMethodHandle$Holder.invokeVirtual(java.lang.Object, java.lang.Object)'> (0x00000000d57001b8) thrown at [./src/hotspot/share/interpreter/linkResolver.cpp, line 773]
Event: 132.028 Thread 0x00000209e633e000 Exception <a 'java/lang/NoSuchMethodError'{0x00000000d52d6608}: 'java.lang.Object java.lang.invoke.DirectMethodHandle$Holder.invokeInterface(java.lang.Object, java.lang.Object, java.lang.Object, java.lang.Object)'> (0x00000000d52d6608) thrown at [./src/hotspot/share/interpreter/linkResolver.cpp, line 773]
Event: 132.102 Thread 0x00000209e633e000 Exception <a 'java/lang/NoSuchMethodError'{0x00000000d51c1a78}: 'java.lang.Object java.lang.invoke.DirectMethodHandle$Holder.invokeStaticInit(java.lang.Object, java.lang.Object, java.lang.Object, java.lang.Object, java.lang.Object, java.lang.Object)'> (0x00000000d51c1a78) thrown at [./src/hotspot/share/interpreter/linkResolver.cpp, line 773]

Events (20 events):
Event: 132.125 loading class org/springframework/data/repository/util/ReactiveWrapperConverters$RegistryHolder
Event: 132.125 loading class org/springframework/data/repository/util/ReactiveWrapperConverters$RegistryHolder done
Event: 132.126 loading class org/postgresql/jdbc/PgConnection$TransactionCommandHandler
Event: 132.126 loading class org/postgresql/jdbc/PgConnection$TransactionCommandHandler done
Event: 132.131 loading class org/springframework/web/context/request/async/DeferredResult
Event: 132.131 loading class org/springframework/web/context/request/async/DeferredResult done
Event: 132.132 loading class org/springframework/web/context/request/async/WebAsyncTask
Event: 132.132 loading class org/springframework/web/context/request/async/WebAsyncTask done
Event: 132.139 loading class java/math/MathContext
Event: 132.140 loading class java/math/MathContext done
Event: 132.140 loading class java/math/MutableBigInteger
Event: 132.142 loading class java/math/MutableBigInteger done
Event: 132.152 loading class com/fasterxml/jackson/databind/ser/std/NumberSerializer$1
Event: 132.152 loading class com/fasterxml/jackson/databind/ser/std/NumberSerializer$1 done
Event: 132.153 loading class java/math/BigDecimal$StringBuilderHelper
Event: 132.153 loading class java/math/BigDecimal$StringBuilderHelper done
Event: 132.156 loading class org/hibernate/engine/internal/EntityEntryContext$EntityEntryCrossRefImpl
Event: 132.156 loading class org/hibernate/engine/internal/EntityEntryContext$EntityEntryCrossRefImpl done
Event: 132.156 loading class org/hibernate/engine/internal/EntityEntryContext$EntityEntryCrossRef
Event: 132.156 loading class org/hibernate/engine/internal/EntityEntryContext$EntityEntryCrossRef done


Dynamic libraries:
0x00007ff676230000 - 0x00007ff67623d000 	C:\Users\Jose\AppData\Local\Programs\AdoptOpenJDK\jdk-11.0.10.9-hotspot\bin\java.exe
0x00007ffe14220000 - 0x00007ffe14410000 	C:\Windows\SYSTEM32\ntdll.dll
0x00007ffe13340000 - 0x00007ffe133f2000 	C:\Windows\System32\KERNEL32.DLL
0x00007ffe11190000 - 0x00007ffe11435000 	C:\Windows\System32\KERNELBASE.dll
0x00007ffe11880000 - 0x00007ffe1197a000 	C:\Windows\System32\ucrtbase.dll
0x00007ffe03ec0000 - 0x00007ffe03ed7000 	C:\Users\Jose\AppData\Local\Programs\AdoptOpenJDK\jdk-11.0.10.9-hotspot\bin\jli.dll
0x00007ffe026f0000 - 0x00007ffe02705000 	C:\Users\Jose\AppData\Local\Programs\AdoptOpenJDK\jdk-11.0.10.9-hotspot\bin\VCRUNTIME140.dll
0x00007ffe138d0000 - 0x00007ffe13a64000 	C:\Windows\System32\USER32.dll
0x00007ffe114e0000 - 0x00007ffe11501000 	C:\Windows\System32\win32u.dll
0x00007ffe07230000 - 0x00007ffe074b4000 	C:\Windows\WinSxS\amd64_microsoft.windows.common-controls_6595b64144ccf1df_6.0.18362.1441_none_9e7da8f1e45ea808\COMCTL32.dll
0x00007ffe13460000 - 0x00007ffe13486000 	C:\Windows\System32\GDI32.dll
0x00007ffe11680000 - 0x00007ffe11818000 	C:\Windows\System32\gdi32full.dll
0x00007ffe11440000 - 0x00007ffe114de000 	C:\Windows\System32\msvcp_win.dll
0x00007ffe13ee0000 - 0x00007ffe13f7e000 	C:\Windows\System32\msvcrt.dll
0x00007ffe12ee0000 - 0x00007ffe13216000 	C:\Windows\System32\combase.dll
0x00007ffe13220000 - 0x00007ffe1333f000 	C:\Windows\System32\RPCRT4.dll
0x00007ffe115f0000 - 0x00007ffe11671000 	C:\Windows\System32\bcryptPrimitives.dll
0x00007ffe141a0000 - 0x00007ffe141ce000 	C:\Windows\System32\IMM32.DLL
0x00007ffe021e0000 - 0x00007ffe0227b000 	C:\Users\Jose\AppData\Local\Programs\AdoptOpenJDK\jdk-11.0.10.9-hotspot\bin\msvcp140.dll
0x00007ffdd59b0000 - 0x00007ffdd64f3000 	C:\Users\Jose\AppData\Local\Programs\AdoptOpenJDK\jdk-11.0.10.9-hotspot\bin\server\jvm.dll
0x00007ffe140f0000 - 0x00007ffe14193000 	C:\Windows\System32\ADVAPI32.dll
0x00007ffe14050000 - 0x00007ffe140e7000 	C:\Windows\System32\sechost.dll
0x00007ffe141d0000 - 0x00007ffe141d8000 	C:\Windows\System32\PSAPI.DLL
0x00007ffe08db0000 - 0x00007ffe08db9000 	C:\Windows\SYSTEM32\WSOCK32.dll
0x00007ffe12340000 - 0x00007ffe123af000 	C:\Windows\System32\WS2_32.dll
0x00007ffe07640000 - 0x00007ffe07664000 	C:\Windows\SYSTEM32\WINMM.dll
0x00007ffe078d0000 - 0x00007ffe078da000 	C:\Windows\SYSTEM32\VERSION.dll
0x00007ffe07610000 - 0x00007ffe0763d000 	C:\Windows\SYSTEM32\winmmbase.dll
0x00007ffe12100000 - 0x00007ffe1214a000 	C:\Windows\System32\cfgmgr32.dll
0x00007ffe11100000 - 0x00007ffe11111000 	C:\Windows\System32\kernel.appcore.dll
0x00007ffe0c700000 - 0x00007ffe0c710000 	C:\Users\Jose\AppData\Local\Programs\AdoptOpenJDK\jdk-11.0.10.9-hotspot\bin\verify.dll
0x00007ffe0b020000 - 0x00007ffe0b214000 	C:\Windows\SYSTEM32\DBGHELP.DLL
0x00007ffe0a880000 - 0x00007ffe0a8aa000 	C:\Windows\SYSTEM32\dbgcore.DLL
0x00007ffe02130000 - 0x00007ffe02158000 	C:\Users\Jose\AppData\Local\Programs\AdoptOpenJDK\jdk-11.0.10.9-hotspot\bin\java.dll
0x00007ffe0c500000 - 0x00007ffe0c50a000 	C:\Users\Jose\AppData\Local\Programs\AdoptOpenJDK\jdk-11.0.10.9-hotspot\bin\jimage.dll
0x00007ffe01f30000 - 0x00007ffe01f47000 	C:\Users\Jose\AppData\Local\Programs\AdoptOpenJDK\jdk-11.0.10.9-hotspot\bin\zip.dll
0x00007ffe126b0000 - 0x00007ffe12d98000 	C:\Windows\System32\SHELL32.dll
0x00007ffe136c0000 - 0x00007ffe13767000 	C:\Windows\System32\shcore.dll
0x00007ffe11980000 - 0x00007ffe120fb000 	C:\Windows\System32\windows.storage.dll
0x00007ffe110e0000 - 0x00007ffe110fe000 	C:\Windows\System32\profapi.dll
0x00007ffe11120000 - 0x00007ffe1116a000 	C:\Windows\System32\powrprof.dll
0x00007ffe110d0000 - 0x00007ffe110e0000 	C:\Windows\System32\UMPDC.dll
0x00007ffe12590000 - 0x00007ffe125e2000 	C:\Windows\System32\shlwapi.dll
0x00007ffe12150000 - 0x00007ffe12167000 	C:\Windows\System32\cryptsp.dll
0x00007ffe01e90000 - 0x00007ffe01ea9000 	C:\Users\Jose\AppData\Local\Programs\AdoptOpenJDK\jdk-11.0.10.9-hotspot\bin\net.dll
0x00007ffe07a50000 - 0x00007ffe07b4a000 	C:\Windows\SYSTEM32\WINHTTP.dll
0x00007ffe10910000 - 0x00007ffe10977000 	C:\Windows\system32\mswsock.dll
0x00007ffe01e70000 - 0x00007ffe01e82000 	C:\Users\Jose\AppData\Local\Programs\AdoptOpenJDK\jdk-11.0.10.9-hotspot\bin\nio.dll
0x00007ffe0a770000 - 0x00007ffe0a779000 	C:\Users\Jose\AppData\Local\Programs\AdoptOpenJDK\jdk-11.0.10.9-hotspot\bin\management.dll
0x00007ffe0a760000 - 0x00007ffe0a76b000 	C:\Users\Jose\AppData\Local\Programs\AdoptOpenJDK\jdk-11.0.10.9-hotspot\bin\management_ext.dll
0x00007ffe07560000 - 0x00007ffe07576000 	C:\Windows\system32\napinsp.dll
0x00007ffe01020000 - 0x00007ffe0103a000 	C:\Windows\system32\pnrpnsp.dll
0x00007ffe10660000 - 0x00007ffe1072b000 	C:\Windows\SYSTEM32\DNSAPI.dll
0x00007ffe125f0000 - 0x00007ffe125f8000 	C:\Windows\System32\NSI.dll
0x00007ffe10620000 - 0x00007ffe1065a000 	C:\Windows\SYSTEM32\IPHLPAPI.DLL
0x00007ffe0cde0000 - 0x00007ffe0cdee000 	C:\Windows\System32\winrnr.dll
0x00007ffe0b4c0000 - 0x00007ffe0b4dc000 	C:\Windows\system32\NLAapi.dll
0x00007ffe0ce60000 - 0x00007ffe0ce75000 	C:\Windows\system32\wshbth.dll
0x00007ffe06f80000 - 0x00007ffe06f8a000 	C:\Windows\System32\rasadhlp.dll
0x00007ffe08de0000 - 0x00007ffe08e57000 	C:\Windows\System32\fwpuclnt.dll
0x00007ffe11510000 - 0x00007ffe11536000 	C:\Windows\System32\bcrypt.dll
0x00007ffe10490000 - 0x00007ffe104c3000 	C:\Windows\system32\rsaenh.dll
0x00007ffe10ff0000 - 0x00007ffe11015000 	C:\Windows\SYSTEM32\USERENV.dll
0x00007ffe10ae0000 - 0x00007ffe10aec000 	C:\Windows\SYSTEM32\CRYPTBASE.dll
0x00007ffe09880000 - 0x00007ffe09896000 	C:\Windows\SYSTEM32\dhcpcsvc6.DLL
0x00007ffe0a8b0000 - 0x00007ffe0a8cc000 	C:\Windows\SYSTEM32\dhcpcsvc.DLL
0x00007ffe0c6f0000 - 0x00007ffe0c6fe000 	C:\Users\Jose\AppData\Local\Programs\AdoptOpenJDK\jdk-11.0.10.9-hotspot\bin\sunmscapi.dll
0x00007ffe12170000 - 0x00007ffe122c1000 	C:\Windows\System32\CRYPT32.dll
0x00007ffe11170000 - 0x00007ffe11182000 	C:\Windows\System32\MSASN1.dll
0x00007ffe10be0000 - 0x00007ffe10c06000 	C:\Windows\SYSTEM32\ncrypt.dll
0x00007ffe10ba0000 - 0x00007ffe10bdb000 	C:\Windows\SYSTEM32\NTASN1.dll
0x00007ffe0a110000 - 0x00007ffe0a135000 	C:\Users\Jose\AppData\Local\Programs\AdoptOpenJDK\jdk-11.0.10.9-hotspot\bin\sunec.dll

dbghelp: loaded successfully - version: 4.0.5 - missing functions: none
symbol engine: initialized successfully - sym options: 0x614 - pdb path: .;C:\Users\Jose\AppData\Local\Programs\AdoptOpenJDK\jdk-11.0.10.9-hotspot\bin;C:\Windows\SYSTEM32;C:\Windows\WinSxS\amd64_microsoft.windows.common-controls_6595b64144ccf1df_6.0.18362.1441_none_9e7da8f1e45ea808;C:\Users\Jose\AppData\Local\Programs\AdoptOpenJDK\jdk-11.0.10.9-hotspot\bin\server

VM Arguments:
jvm_args: -Dfile.encoding=UTF-8 
java_command: com.produtos.apirest.ApirestApplication
java_class_path (initial): D:\Google Drive\eclipse-workspace\apirest\target\classes;C:\Users\Jose\.m2\repository\org\springframework\boot\spring-boot-starter-data-jpa\2.4.4\spring-boot-starter-data-jpa-2.4.4.jar;C:\Users\Jose\.m2\repository\org\springframework\boot\spring-boot-starter-aop\2.4.4\spring-boot-starter-aop-2.4.4.jar;C:\Users\Jose\.m2\repository\org\springframework\spring-aop\5.3.5\spring-aop-5.3.5.jar;C:\Users\Jose\.m2\repository\org\aspectj\aspectjweaver\1.9.6\aspectjweaver-1.9.6.jar;C:\Users\Jose\.m2\repository\org\springframework\boot\spring-boot-starter-jdbc\2.4.4\spring-boot-starter-jdbc-2.4.4.jar;C:\Users\Jose\.m2\repository\com\zaxxer\HikariCP\3.4.5\HikariCP-3.4.5.jar;C:\Users\Jose\.m2\repository\org\springframework\spring-jdbc\5.3.5\spring-jdbc-5.3.5.jar;C:\Users\Jose\.m2\repository\jakarta\transaction\jakarta.transaction-api\1.3.3\jakarta.transaction-api-1.3.3.jar;C:\Users\Jose\.m2\repository\jakarta\persistence\jakarta.persistence-api\2.2.3\jakarta.persistence-api-2.2.3.jar;C:\Users\Jose\.m2\repository\org\hibernate\hibernate-core\5.4.29.Final\hibernate-core-5.4.29.Final.jar;C:\Users\Jose\.m2\repository\org\jboss\logging\jboss-logging\3.4.1.Final\jboss-logging-3.4.1.Final.jar;C:\Users\Jose\.m2\repository\org\javassist\javassist\3.27.0-GA\javassist-3.27.0-GA.jar;C:\Users\Jose\.m2\repository\net\bytebuddy\byte-buddy\1.10.22\byte-buddy-1.10.22.jar;C:\Users\Jose\.m2\repository\antlr\antlr\2.7.7\antlr-2.7.7.jar;C:\Users\Jose\.m2\repository\org\jboss\jandex\2.2.3.Final\jandex-2.2.3.Final.jar;C:\Users\Jose\.m2\repository\org\dom4j\dom4j\2.1.3\dom4j-2.1.3.jar;C:\Users\Jose\.m2\repository\org\hibernate\common\hibernate-commons-annotations\5.1.2.Final\hibernate-commons-annotations-5.1.2.Final.jar;C:\Users\Jose\.m2\repository\org\glassfish\jaxb\jaxb-runtime\2.3.3\jaxb-runtime-2.3.3.jar;C:\Users\Jose\.m2\repository\org\glassfish\jaxb\txw2\2.3.3\txw2-2.3.3.jar;C:\Users\Jose\.m2\repository\com\sun\istack\istack-commons-runtime\3.0.11\istack-commons-runtime
Launcher Type: SUN_STANDARD

[Global flags]
     intx CICompilerCount                          = 3                                         {product} {ergonomic}
     uint ConcGCThreads                            = 1                                         {product} {ergonomic}
     uint G1ConcRefinementThreads                  = 4                                         {product} {ergonomic}
   size_t G1HeapRegionSize                         = 1048576                                   {product} {ergonomic}
    uintx GCDrainStackTargetSize                   = 64                                        {product} {ergonomic}
   size_t InitialHeapSize                          = 48234496                                  {product} {ergonomic}
   size_t MarkStackSize                            = 4194304                                   {product} {ergonomic}
   size_t MaxHeapSize                              = 769654784                                 {product} {ergonomic}
   size_t MaxNewSize                               = 461373440                                 {product} {ergonomic}
   size_t MinHeapDeltaBytes                        = 1048576                                   {product} {ergonomic}
    uintx NonNMethodCodeHeapSize                   = 5830732                                {pd product} {ergonomic}
    uintx NonProfiledCodeHeapSize                  = 122913754                              {pd product} {ergonomic}
    uintx ProfiledCodeHeapSize                     = 122913754                              {pd product} {ergonomic}
    uintx ReservedCodeCacheSize                    = 251658240                              {pd product} {ergonomic}
     bool SegmentedCodeCache                       = true                                      {product} {ergonomic}
     bool UseCompressedClassPointers               = true                                 {lp64_product} {ergonomic}
     bool UseCompressedOops                        = true                                 {lp64_product} {ergonomic}
     bool UseG1GC                                  = true                                      {product} {ergonomic}
     bool UseLargePagesIndividualAllocation        = false                                  {pd product} {ergonomic}

Logging:
Log output configuration:
 #0: stdout all=warning uptime,level,tags
 #1: stderr all=off uptime,level,tags

Environment Variables:
JAVA_HOME=C:\Users\Jose\AppData\Local\Programs\AdoptOpenJDK\jdk-11.0.10.9-hotspot\
PATH=C:\Program Files (x86)\Common Files\Oracle\Java\javapath;C:\Windows\system32;C:\Windows;C:\Windows\System32\Wbem;C:\Windows\System32\WindowsPowerShell\v1.0\;C:\Windows\System32\OpenSSH\;C:\Program Files\nodejs\;C:\Program Files\Git\cmd;C:\Users\Jose\AppData\Local\Programs\AdoptOpenJDK\jdk-11.0.10.9-hotspot\bin;C:\Users\Jose\AppData\Local\Microsoft\WindowsApps;;C:\Users\Jose\AppData\Local\Programs\Microsoft VS Code\bin;C:\Users\Jose\AppData\Roaming\npm
USERNAME=Jose
LANG=pt_BR.UTF-8
OS=Windows_NT
PROCESSOR_IDENTIFIER=Intel64 Family 6 Model 37 Stepping 5, GenuineIntel



---------------  S Y S T E M  ---------------

OS: Windows 10 , 64 bit Build 18362 (10.0.18362.1350)
OS uptime: 1 days 3:54 hours

CPU:total 4 (initial active 4) (2 cores per cpu, 2 threads per core) family 6 model 37 stepping 5 microcode 0x7, cmov, cx8, fxsr, mmx, sse, sse2, sse3, ssse3, sse4.1, sse4.2, popcnt, ht, tsc, tscinvbit

Memory: 4k page, system-wide physical 2933M (233M free)
TotalPageFile size 7029M (AvailPageFile size 0M)
current process WorkingSet (physical memory assigned to process): 201M, peak: 233M
current process commit charge ("private bytes"): 250M, peak: 267M

vm_info: OpenJDK 64-Bit Server VM (11.0.10+9) for windows-amd64 JRE (11.0.10+9), built on Jan 20 2021 06:07:07 by "" with MS VC++ 15.9 (VS2017)

END.
